This is pdfTeX, Version 3.1415926-1.40.11 (TeX Live 2010) (format=pdflatex 2013.3.26)  9 APR 2013 11:20
entering extended mode
 restricted \write18 enabled.
 %&-line parsing enabled.
**InitialManagementReport.tex
(./InitialManagementReport.tex
LaTeX2e <2009/09/24>
Babel <v3.8l> and hyphenation patterns for english, dumylang, nohyphenation, ge
rman-x-2009-06-19, ngerman-x-2009-06-19, ancientgreek, ibycus, arabic, armenian
, basque, bulgarian, catalan, pinyin, coptic, croatian, czech, danish, dutch, u
kenglish, usenglishmax, esperanto, estonian, farsi, finnish, french, galician, 
german, ngerman, swissgerman, monogreek, greek, hungarian, icelandic, assamese,
 bengali, gujarati, hindi, kannada, malayalam, marathi, oriya, panjabi, tamil, 
telugu, indonesian, interlingua, irish, italian, kurmanji, lao, latin, latvian,
 lithuanian, mongolian, mongolianlmc, bokmal, nynorsk, polish, portuguese, roma
nian, russian, sanskrit, serbian, slovak, slovenian, spanish, swedish, turkish,
 turkmen, ukrainian, uppersorbian, welsh, loaded.
(/usr/local/texlive/2010/texmf-dist/tex/latex/base/article.cls
Document Class: article 2007/10/19 v1.4h Standard LaTeX document class
(/usr/local/texlive/2010/texmf-dist/tex/latex/base/size10.clo
File: size10.clo 2007/10/19 v1.4h Standard LaTeX file (size option)
)
\c@part=\count79
\c@section=\count80
\c@subsection=\count81
\c@subsubsection=\count82
\c@paragraph=\count83
\c@subparagraph=\count84
\c@figure=\count85
\c@table=\count86
\abovecaptionskip=\skip41
\belowcaptionskip=\skip42
\bibindent=\dimen102
)
(/usr/local/texlive/2010/texmf-dist/tex/latex/a4wide/a4wide.sty
Package: a4wide 1994/08/30

(/usr/local/texlive/2010/texmf-dist/tex/latex/ntgclass/a4.sty
Package: a4 2004/04/15 v1.2g A4 based page layout
))
(/usr/local/texlive/2010/texmf-dist/tex/generic/ulem/ulem.sty
\UL@box=\box26
\UL@hyphenbox=\box27
\UL@skip=\skip43
\UL@hook=\toks14
\UL@pe=\count87
\UL@pixel=\dimen103
\ULC@box=\box28
Package: ulem 2010/01/21
\ULdepth=\dimen104
)
(/usr/local/texlive/2010/texmf-dist/tex/latex/graphics/graphicx.sty
Package: graphicx 1999/02/16 v1.0f Enhanced LaTeX Graphics (DPC,SPQR)

(/usr/local/texlive/2010/texmf-dist/tex/latex/graphics/keyval.sty
Package: keyval 1999/03/16 v1.13 key=value parser (DPC)
\KV@toks@=\toks15
)
(/usr/local/texlive/2010/texmf-dist/tex/latex/graphics/graphics.sty
Package: graphics 2009/02/05 v1.0o Standard LaTeX Graphics (DPC,SPQR)

(/usr/local/texlive/2010/texmf-dist/tex/latex/graphics/trig.sty
Package: trig 1999/03/16 v1.09 sin cos tan (DPC)
)
(/usr/local/texlive/2010/texmf-dist/tex/latex/latexconfig/graphics.cfg
File: graphics.cfg 2010/04/23 v1.9 graphics configuration of TeX Live
)
Package graphics Info: Driver file: pdftex.def on input line 91.

(/usr/local/texlive/2010/texmf-dist/tex/latex/pdftex-def/pdftex.def
File: pdftex.def 2010/02/14 v0.04n Graphics/color for pdfTeX
\Gread@gobject=\count88
))
\Gin@req@height=\dimen105
\Gin@req@width=\dimen106
)
(/usr/local/texlive/2010/texmf-dist/tex/latex/graphics/lscape.sty
Package: lscape 2000/10/22 v3.01 Landscape Pages (DPC)
)
(/usr/local/texlive/2010/texmf-dist/tex/latex/float/float.sty
Package: float 2001/11/08 v1.3d Float enhancements (AL)
\c@float@type=\count89
\float@exts=\toks16
\float@box=\box29
\@float@everytoks=\toks17
\@floatcapt=\box30
)
(./InitialManagementReport.aux)
\openout1 = `InitialManagementReport.aux'.

LaTeX Font Info:    Checking defaults for OML/cmm/m/it on input line 17.
LaTeX Font Info:    ... okay on input line 17.
LaTeX Font Info:    Checking defaults for T1/cmr/m/n on input line 17.
LaTeX Font Info:    ... okay on input line 17.
LaTeX Font Info:    Checking defaults for OT1/cmr/m/n on input line 17.
LaTeX Font Info:    ... okay on input line 17.
LaTeX Font Info:    Checking defaults for OMS/cmsy/m/n on input line 17.
LaTeX Font Info:    ... okay on input line 17.
LaTeX Font Info:    Checking defaults for OMX/cmex/m/n on input line 17.
LaTeX Font Info:    ... okay on input line 17.
LaTeX Font Info:    Checking defaults for U/cmr/m/n on input line 17.
LaTeX Font Info:    ... okay on input line 17.

(/usr/local/texlive/2010/texmf-dist/tex/context/base/supp-pdf.mkii
[Loading MPS to PDF converter (version 2006.09.02).]
\scratchcounter=\count90
\scratchdimen=\dimen107
\scratchbox=\box31
\nofMPsegments=\count91
\nofMParguments=\count92
\everyMPshowfont=\toks18
\MPscratchCnt=\count93
\MPscratchDim=\dimen108
\MPnumerator=\count94
\everyMPtoPDFconversion=\toks19
) (/usr/local/texlive/2010/texmf-dist/tex/generic/oberdiek/pdftexcmds.sty
Package: pdftexcmds 2010/04/01 v0.9 Utility functions of pdfTeX for LuaTeX (HO)


(/usr/local/texlive/2010/texmf-dist/tex/generic/oberdiek/infwarerr.sty
Package: infwarerr 2010/04/08 v1.3 Providing info/warning/message (HO)
)
(/usr/local/texlive/2010/texmf-dist/tex/generic/oberdiek/ifluatex.sty
Package: ifluatex 2010/03/01 v1.3 Provides the ifluatex switch (HO)
Package ifluatex Info: LuaTeX not detected.
)
(/usr/local/texlive/2010/texmf-dist/tex/generic/oberdiek/ltxcmds.sty
Package: ltxcmds 2010/04/26 v1.7 LaTeX kernel commands for general use (HO)
)
Package pdftexcmds Info: LuaTeX not detected.
Package pdftexcmds Info: \pdf@primitive is available.
Package pdftexcmds Info: \pdf@ifprimitive is available.
)
(/usr/local/texlive/2010/texmf-dist/tex/latex/oberdiek/epstopdf-base.sty
Package: epstopdf-base 2010/02/09 v2.5 Base part for package epstopdf

(/usr/local/texlive/2010/texmf-dist/tex/latex/oberdiek/grfext.sty
Package: grfext 2007/09/30 v1.0 Managing graphics extensions (HO)
)
(/usr/local/texlive/2010/texmf-dist/tex/latex/oberdiek/kvoptions.sty
Package: kvoptions 2010/02/22 v3.7 Keyval support for LaTeX options (HO)

(/usr/local/texlive/2010/texmf-dist/tex/generic/oberdiek/kvsetkeys.sty
Package: kvsetkeys 2010/03/01 v1.9 Key value parser (HO)

(/usr/local/texlive/2010/texmf-dist/tex/generic/oberdiek/etexcmds.sty
Package: etexcmds 2010/01/28 v1.3 Prefix for e-TeX command names (HO)
Package etexcmds Info: Could not find \expanded.
(etexcmds)             That can mean that you are not using pdfTeX 1.50 or
(etexcmds)             that some package has redefined \expanded.
(etexcmds)             In the latter case, load this package earlier.
)))
Package grfext Info: Graphics extension search list:
(grfext)             [.png,.pdf,.jpg,.mps,.jpeg,.jbig2,.jb2,.PNG,.PDF,.JPG,.JPE
G,.JBIG2,.JB2,.eps]
(grfext)             \AppendGraphicsExtensions on input line 436.

(/usr/local/texlive/2010/texmf-dist/tex/latex/latexconfig/epstopdf-sys.cfg
File: epstopdf-sys.cfg 2010/07/13 v1.3 Configuration of (r)epstopdf for TeX Liv
e
))
LaTeX Font Info:    External font `cmex10' loaded for size
(Font)              <7> on input line 32.
LaTeX Font Info:    External font `cmex10' loaded for size
(Font)              <5> on input line 32.

[1

{/usr/local/texlive/2010/texmf-var/fonts/map/pdftex/updmap/pdftex.map}]
Overfull \hbox (6.09521pt too wide) in paragraph at lines 55--68
[] 
 []

[1] (./InitialManagementReport.toc)
\tf@toc=\write3
\openout3 = `InitialManagementReport.toc'.

 [2] (./InitialManagementReport.lof)
\tf@lof=\write4
\openout4 = `InitialManagementReport.lof'.


[3]
Underfull \hbox (badness 10000) in paragraph at lines 91--116

 []


Underfull \hbox (badness 10000) in paragraph at lines 91--116

 []


Underfull \hbox (badness 10000) in paragraph at lines 91--116

 []


Underfull \hbox (badness 10000) in paragraph at lines 91--116

 []


Underfull \hbox (badness 10000) in paragraph at lines 91--116

 []


Underfull \hbox (badness 10000) in paragraph at lines 91--116

 []

[1]
Underfull \hbox (badness 10000) in paragraph at lines 122--130

 []


Underfull \hbox (badness 10000) in paragraph at lines 122--130

 []


Underfull \hbox (badness 10000) in paragraph at lines 132--142

 []


Underfull \hbox (badness 10000) in paragraph at lines 132--142

 []


Underfull \hbox (badness 10000) in paragraph at lines 143--153

 []


Underfull \hbox (badness 10000) in paragraph at lines 143--153

 []


Underfull \hbox (badness 10000) in paragraph at lines 154--164

 []


Underfull \hbox (badness 10000) in paragraph at lines 154--164

 []

[2]
Underfull \hbox (badness 10000) in paragraph at lines 166--174

 []


Underfull \hbox (badness 10000) in paragraph at lines 166--174

 []


Underfull \hbox (badness 10000) in paragraph at lines 175--184

 []


Underfull \hbox (badness 10000) in paragraph at lines 175--184

 []

[3] <images/ADiagram.png, id=28, 1191.45125pt x 499.8675pt>
File: images/ADiagram.png Graphic file (type png)

<use images/ADiagram.png>
Overfull \hbox (33.34058pt too wide) in paragraph at lines 189--190
 [][] 
 []

[4

 <./images/ADiagram.png (PNG copy)>]
<images/aSequenceDiagram.png, id=32, 945.5325pt x 489.83pt>
File: images/aSequenceDiagram.png Graphic file (type png)

<use images/aSequenceDiagram.png>
Overfull \hbox (33.34058pt too wide) in paragraph at lines 198--199
 [][] 
 []

[5 <./images/aSequenceDiagram.png (PNG copy)>]
Underfull \hbox (badness 10000) in paragraph at lines 206--208

 []

<images/addBidOrder.jpg, id=36, 789.95125pt x 340.27126pt>
File: images/addBidOrder.jpg Graphic file (type jpg)

<use images/addBidOrder.jpg>
<images/addAskOrder.jpg, id=37, 789.95125pt x 340.27126pt>
File: images/addAskOrder.jpg Graphic file (type jpg)

<use images/addAskOrder.jpg>
<images/amendBidOrder.png, id=38, 375.65344pt x 272.51813pt>
File: images/amendBidOrder.png Graphic file (type png)

<use images/amendBidOrder.png> [6



 <./images/addBidOrder.jpg> <./images/addAskOrder.jpg>] <images/amendAskOrder.p
ng, id=42, 375.65344pt x 274.02374pt>
File: images/amendAskOrder.png Graphic file (type png)

<use images/amendAskOrder.png> [7 <./images/amendBidOrder.png (PNG copy)>]
<images/deleteBidOrder.png, id=46, 354.57469pt x 253.69781pt>
File: images/deleteBidOrder.png Graphic file (type png)

<use images/deleteBidOrder.png> [8 <./images/amendAskOrder.png (PNG copy)>]
<images/deleteAskOrder.png, id=50, 358.33875pt x 252.945pt>
File: images/deleteAskOrder.png Graphic file (type png)

<use images/deleteAskOrder.png> [9 <./images/deleteBidOrder.png (PNG copy)>]
Underfull \hbox (badness 10000) in paragraph at lines 241--247

 []


Underfull \hbox (badness 10000) in paragraph at lines 248--252

 []


Underfull \hbox (badness 10000) in paragraph at lines 262--267

 []

[10 <./images/deleteAskOrder.png (PNG copy)>]
Underfull \hbox (badness 10000) in paragraph at lines 270--273

 []


Underfull \hbox (badness 10000) in paragraph at lines 276--277

 []


Underfull \hbox (badness 10000) in paragraph at lines 278--283

 []

[11] (./InitialManagementReport.aux) ) 
Here is how much of TeX's memory you used:
 1500 strings out of 493747
 21841 string characters out of 3143546
 77614 words of memory out of 3000000
 4780 multiletter control sequences out of 15000+200000
 4659 words of font info for 18 fonts, out of 3000000 for 9000
 714 hyphenation exceptions out of 8191
 37i,8n,23p,249b,263s stack positions out of 5000i,500n,10000p,200000b,50000s
</usr/local/texlive/2010/texmf-dist/fonts
/type1/public/amsfonts/cm/cmbx10.pfb></usr/local/texlive/2010/texmf-dist/fonts/
type1/public/amsfonts/cm/cmbx12.pfb></usr/local/texlive/2010/texmf-dist/fonts/t
ype1/public/amsfonts/cm/cmr10.pfb>
Output written on InitialManagementReport.pdf (15 pages, 327623 bytes).
PDF statistics:
 73 PDF objects out of 1000 (max. 8388607)
 44 compressed objects within 1 object stream
 0 named destinations out of 1000 (max. 500000)
 41 words of extra memory for PDF output out of 10000 (max. 10000000)

